<?xml version="1.0" encoding="UTF-8"?>
<!-- Generated by org.testng.reporters.JUnitXMLReporter -->
<testsuite hostname="surya-PC" name="Default test" tests="7" failures="0" timestamp="4 Jul 2012 06:55:03 GMT" time="0.063" errors="0">
  <testcase name="generateBill" time="0.01" classname="com.mckinsey.coding.session.model.BillingTest"/>
  <testcase name="generateBill" time="0.0010" classname="com.mckinsey.coding.session.model.BillingTest"/>
  <testcase name="generateBill" time="0.0010" classname="com.mckinsey.coding.session.model.BillingTest"/>
  <testcase name="generateBill" time="0.0020" classname="com.mckinsey.coding.session.model.BillingTest"/>
  <testcase name="generateBill" time="0.0010" classname="com.mckinsey.coding.session.model.BillingTest"/>
  <testcase name="generateBill" time="0.0010" classname="com.mckinsey.coding.session.model.BillingTest"/>
  <testcase name="generateBill" time="0.0020" classname="com.mckinsey.coding.session.model.BillingTest"/>
</testsuite>
